#
# There is insufficient memory for the Java Runtime Environment to continue.
# Native memory allocation (malloc) failed to allocate 65552 bytes for Chunk::new
# Possible reasons:
#   The system is out of physical RAM or swap space
#   The process is running with CompressedOops enabled, and the Java Heap may be blocking the growth of the native heap
# Possible solutions:
#   Reduce memory load on the system
#   Increase physical memory or swap space
#   Check if swap backing store is full
#   Decrease Java heap size (-Xmx/-Xms)
#   Decrease number of Java threads
#   Decrease Java thread stack sizes (-Xss)
#   Set larger code cache with -XX:ReservedCodeCacheSize=
#   JVM is running with Unscaled Compressed Oops mode in which the Java heap is
#     placed in the first 4GB address space. The Java Heap base address is the
#     maximum limit for the native heap growth. Please use -XX:HeapBaseMinAddress
#     to set the Java Heap base and to place the Java Heap above 4GB virtual address.
# This output file may be truncated or incomplete.
#
#  Out of Memory Error (arena.cpp:184), pid=41860, tid=32480
#
# JRE version: Java(TM) SE Runtime Environment (20.0.2+9) (build 20.0.2+9-78)
# Java VM: Java HotSpot(TM) 64-Bit Server VM (20.0.2+9-78, mixed mode, sharing, tiered, compressed oops, compressed class ptrs, g1 gc, windows-amd64)
# No core dump will be written. Minidumps are not enabled by default on client versions of Windows
#

---------------  S U M M A R Y ------------

Command Line: --add-opens=java.base/java.lang=ALL-UNNAMED --add-opens=java.base/java.lang.invoke=ALL-UNNAMED --add-opens=java.base/java.util=ALL-UNNAMED --add-opens=java.prefs/java.util.prefs=ALL-UNNAMED --add-exports=jdk.compiler/com.sun.tools.javac.api=ALL-UNNAMED --add-exports=jdk.compiler/com.sun.tools.javac.util=ALL-UNNAMED --add-opens=java.base/java.util=ALL-UNNAMED --add-opens=java.prefs/java.util.prefs=ALL-UNNAMED --add-opens=java.base/java.nio.charset=ALL-UNNAMED --add-opens=java.base/java.net=ALL-UNNAMED --add-opens=java.base/java.util.concurrent.atomic=ALL-UNNAMED --add-opens=java.xml/javax.xml.namespace=ALL-UNNAMED -XX:MaxMetaspaceSize=512m -Xmx2048m -Dfile.encoding=UTF-8 -Duser.country=US -Duser.language=en -Duser.variant -javaagent:C:\Users\haman\.gradle\wrapper\dists\gradle-8.14.1-bin\baw1sv0jfoi8rxs14qo3h49cs\gradle-8.14.1\lib\agents\gradle-instrumentation-agent-8.14.1.jar org.gradle.launcher.daemon.bootstrap.GradleDaemon 8.14.1

Host: 12th Gen Intel(R) Core(TM) i3-1215U, 8 cores, 7G,  Windows 11 , 64 bit Build 22621 (10.0.22621.3672)
Time: Tue Jul 15 00:40:56 2025 India Standard Time elapsed time: 78.106836 seconds (0d 0h 1m 18s)

---------------  T H R E A D  ---------------

Current thread (0x00000219af84eaf0):  JavaThread "C2 CompilerThread0" daemon [_thread_in_native, id=32480, stack(0x000000abe3500000,0x000000abe3600000)]


Current CompileTask:
C2:  78106 9512       4       sun.security.ec.ECOperations::setDouble (463 bytes)

Stack: [0x000000abe3500000,0x000000abe3600000]
Native frames: (J=compiled Java code, j=interpreted, Vv=VM code, C=native code)
V  [jvm.dll+0x6bc25a]
V  [jvm.dll+0x84971a]
V  [jvm.dll+0x84b315]
V  [jvm.dll+0x84ba13]
V  [jvm.dll+0x280e4f]
V  [jvm.dll+0xc2ab1]
V  [jvm.dll+0xc2dd5]
V  [jvm.dll+0xc2bd4]
V  [jvm.dll+0x69a16c]
V  [jvm.dll+0x5cfa9e]
V  [jvm.dll+0x5ceef3]
V  [jvm.dll+0x5ceea8]
V  [jvm.dll+0x5d2668]
V  [jvm.dll+0x5d2239]
V  [jvm.dll+0x5d1960]
V  [jvm.dll+0x5d1926]
V  [jvm.dll+0x5d1974]
V  [jvm.dll+0x5d1974]
V  [jvm.dll+0x5d1974]
V  [jvm.dll+0x5d1974]
V  [jvm.dll+0x5d1974]
V  [jvm.dll+0x5d1974]
V  [jvm.dll+0x5d1974]
V  [jvm.dll+0x5d1974]
V  [jvm.dll+0x5d1974]
V  [jvm.dll+0x5d1974]
V  [jvm.dll+0x5d1974]
V  [jvm.dll+0x5d1974]
V  [jvm.dll+0x5d1974]
V  [jvm.dll+0x5d1974]
V  [jvm.dll+0x5e4258]
V  [jvm.dll+0x254684]
V  [jvm.dll+0x24cf0a]
V  [jvm.dll+0x24a819]
V  [jvm.dll+0x1ce761]
V  [jvm.dll+0x25a0eb]
V  [jvm.dll+0x2587c0]
V  [jvm.dll+0x3f2dd5]
V  [jvm.dll+0x7f5c76]
V  [jvm.dll+0x6baecb]
C  [ucrtbase.dll+0x29333]
C  [KERNEL32.DLL+0x1257d]
C  [ntdll.dll+0x5af28]


---------------  P R O C E S S  ---------------

Threads class SMR info:
_java_thread_list=0x00000219d320f030, length=71, elements={
0x0000021990e795c0, 0x00000219af83d650, 0x00000219af83e2f0, 0x00000219af845d30,
0x00000219af846d20, 0x00000219af847270, 0x00000219af846280, 0x00000219af84eaf0,
0x00000219af84f470, 0x00000219af8457e0, 0x00000219af8467d0, 0x00000219af845290,
0x00000219d038cb30, 0x00000219d0388620, 0x00000219d038c5e0, 0x00000219d038b5f0,
0x00000219d038e5c0, 0x00000219d038f060, 0x00000219d038db20, 0x00000219d0388b70,
0x00000219d0389610, 0x00000219d038bb40, 0x00000219d0389b60, 0x00000219d038a0b0,
0x00000219d038eb10, 0x00000219d03880d0, 0x00000219d038a600, 0x00000219d038b0a0,
0x00000219d03890c0, 0x00000219d038ab50, 0x00000219d038c090, 0x00000219ce951b20,
0x00000219ce955ae0, 0x00000219ce952b10, 0x00000219ce94fb40, 0x00000219ce953060,
0x00000219ce956ad0, 0x00000219ce94f0a0, 0x00000219ce9535b0, 0x00000219ce954af0,
0x00000219ce950090, 0x00000219ce952070, 0x00000219ce950b30, 0x00000219ce954050,
0x00000219ce955040, 0x00000219ce9525c0, 0x00000219ce953b00, 0x00000219ce956030,
0x00000219ce94f5f0, 0x00000219ce9505e0, 0x00000219ce9545a0, 0x00000219ce955590,
0x00000219ce956580, 0x00000219af844d40, 0x00000219cff5c7c0, 0x00000219cff5cd10,
0x00000219cff58d50, 0x00000219cff5b7d0, 0x00000219cff5bd20, 0x00000219cff5a7e0,
0x00000219cff56d70, 0x00000219cff5dd00, 0x00000219cff5d260, 0x00000219cff572c0,
0x00000219cff592a0, 0x00000219cff562d0, 0x00000219cff5ad30, 0x00000219cff56820,
0x00000219cff582b0, 0x00000219cff597f0, 0x00000219cff57810
}

Java Threads: ( => current thread )
  0x0000021990e795c0 JavaThread "main" [_thread_blocked, id=37256, stack(0x000000abe2800000,0x000000abe2900000)]
  0x00000219af83d650 JavaThread "Reference Handler" daemon [_thread_blocked, id=4752, stack(0x000000abe2f00000,0x000000abe3000000)]
  0x00000219af83e2f0 JavaThread "Finalizer" daemon [_thread_blocked, id=26852, stack(0x000000abe3000000,0x000000abe3100000)]
  0x00000219af845d30 JavaThread "Signal Dispatcher" daemon [_thread_blocked, id=46120, stack(0x000000abe3100000,0x000000abe3200000)]
  0x00000219af846d20 JavaThread "Attach Listener" daemon [_thread_blocked, id=36448, stack(0x000000abe3200000,0x000000abe3300000)]
  0x00000219af847270 JavaThread "Service Thread" daemon [_thread_blocked, id=33216, stack(0x000000abe3300000,0x000000abe3400000)]
  0x00000219af846280 JavaThread "Monitor Deflation Thread" daemon [_thread_blocked, id=49620, stack(0x000000abe3400000,0x000000abe3500000)]
=>0x00000219af84eaf0 JavaThread "C2 CompilerThread0" daemon [_thread_in_native, id=32480, stack(0x000000abe3500000,0x000000abe3600000)]
  0x00000219af84f470 JavaThread "C1 CompilerThread0" daemon [_thread_blocked, id=43656, stack(0x000000abe3600000,0x000000abe3700000)]
  0x00000219af8457e0 JavaThread "Common-Cleaner" daemon [_thread_blocked, id=27428, stack(0x000000abe3700000,0x000000abe3800000)]
  0x00000219af8467d0 JavaThread "Notification Thread" daemon [_thread_blocked, id=8444, stack(0x000000abe3800000,0x000000abe3900000)]
  0x00000219af845290 JavaThread "Daemon health stats" [_thread_blocked, id=38796, stack(0x000000abe4000000,0x000000abe4100000)]
  0x00000219d038cb30 JavaThread "Incoming local TCP Connector on port 58952" [_thread_in_native, id=2736, stack(0x000000abe4100000,0x000000abe4200000)]
  0x00000219d0388620 JavaThread "Daemon periodic checks" [_thread_blocked, id=33972, stack(0x000000abe4200000,0x000000abe4300000)]
  0x00000219d038c5e0 JavaThread "Daemon" [_thread_blocked, id=32396, stack(0x000000abe4300000,0x000000abe4400000)]
  0x00000219d038b5f0 JavaThread "Handler for socket connection from /127.0.0.1:58952 to /127.0.0.1:58953" [_thread_in_native, id=47404, stack(0x000000abe4400000,0x000000abe4500000)]
  0x00000219d038e5c0 JavaThread "Cancel handler" [_thread_blocked, id=31948, stack(0x000000abe4500000,0x000000abe4600000)]
  0x00000219d038f060 JavaThread "Daemon worker" [_thread_in_native, id=16608, stack(0x000000abe4600000,0x000000abe4700000)]
  0x00000219d038db20 JavaThread "Asynchronous log dispatcher for DefaultDaemonConnection: socket connection from /127.0.0.1:58952 to /127.0.0.1:58953" [_thread_blocked, id=33096, stack(0x000000abe4700000,0x000000abe4800000)]
  0x00000219d0388b70 JavaThread "Stdin handler" [_thread_blocked, id=11428, stack(0x000000abe4800000,0x000000abe4900000)]
  0x00000219d0389610 JavaThread "Daemon client event forwarder" [_thread_blocked, id=35504, stack(0x000000abe4900000,0x000000abe4a00000)]
  0x00000219d038bb40 JavaThread "Cache worker for journal cache (C:\Users\haman\.gradle\caches\journal-1)" [_thread_blocked, id=36168, stack(0x000000abe3b00000,0x000000abe3c00000)]
  0x00000219d0389b60 JavaThread "File lock request listener" [_thread_in_native, id=48164, stack(0x000000abe4a00000,0x000000abe4b00000)]
  0x00000219d038a0b0 JavaThread "Cache worker for file hash cache (C:\Users\haman\.gradle\caches\8.14.1\fileHashes)" [_thread_blocked, id=9680, stack(0x000000abe4c00000,0x000000abe4d00000)]
  0x00000219d038eb10 JavaThread "Cache worker for file hash cache (C:\newapp\territory_app\android\.gradle\8.14.1\fileHashes)" [_thread_blocked, id=12696, stack(0x000000abe5000000,0x000000abe5100000)]
  0x00000219d03880d0 JavaThread "Cache worker for Build Output Cleanup Cache (C:\newapp\territory_app\android\.gradle\buildOutputCleanup)" [_thread_blocked, id=40376, stack(0x000000abe5100000,0x000000abe5200000)]
  0x00000219d038a600 JavaThread "File watcher server" daemon [_thread_in_native, id=40768, stack(0x000000abe4b00000,0x000000abe4c00000)]
  0x00000219d038b0a0 JavaThread "File watcher consumer" daemon [_thread_blocked, id=34640, stack(0x000000abe5200000,0x000000abe5300000)]
  0x00000219d03890c0 JavaThread "jar transforms" [_thread_blocked, id=35024, stack(0x000000abe5300000,0x000000abe5400000)]
  0x00000219d038ab50 JavaThread "Cache worker for checksums cache (C:\newapp\territory_app\android\.gradle\8.14.1\checksums)" [_thread_blocked, id=37616, stack(0x000000abe5500000,0x000000abe5600000)]
  0x00000219d038c090 JavaThread "Cache worker for file content cache (C:\Users\haman\.gradle\caches\8.14.1\fileContent)" [_thread_blocked, id=5220, stack(0x000000abe5400000,0x000000abe5500000)]
  0x00000219ce951b20 JavaThread "Cache worker for cache directory md-supplier (C:\Users\haman\.gradle\caches\8.14.1\md-supplier)" [_thread_blocked, id=44320, stack(0x000000abe5700000,0x000000abe5800000)]
  0x00000219ce955ae0 JavaThread "Cache worker for cache directory md-rule (C:\Users\haman\.gradle\caches\8.14.1\md-rule)" [_thread_blocked, id=39312, stack(0x000000abe5800000,0x000000abe5900000)]
  0x00000219ce952b10 JavaThread "Cache worker for Build Output Cleanup Cache (C:\newapp\territory_app\node_modules\@react-native\gradle-plugin\.gradle\buildOutputCleanup)" [_thread_blocked, id=20728, stack(0x000000abe5600000,0x000000abe5700000)]
  0x00000219ce94fb40 JavaThread "Unconstrained build operations" [_thread_blocked, id=48860, stack(0x000000abe5900000,0x000000abe5a00000)]
  0x00000219ce953060 JavaThread "Unconstrained build operations Thread 2" [_thread_blocked, id=43232, stack(0x000000abe5a00000,0x000000abe5b00000)]
  0x00000219ce956ad0 JavaThread "Unconstrained build operations Thread 3" [_thread_blocked, id=43364, stack(0x000000abe5b00000,0x000000abe5c00000)]
  0x00000219ce94f0a0 JavaThread "Unconstrained build operations Thread 4" [_thread_blocked, id=43576, stack(0x000000abe5c00000,0x000000abe5d00000)]
  0x00000219ce9535b0 JavaThread "Unconstrained build operations Thread 5" [_thread_blocked, id=40008, stack(0x000000abe5d00000,0x000000abe5e00000)]
  0x00000219ce954af0 JavaThread "Unconstrained build operations Thread 6" [_thread_blocked, id=41956, stack(0x000000abe5e00000,0x000000abe5f00000)]
  0x00000219ce950090 JavaThread "Unconstrained build operations Thread 7" [_thread_blocked, id=33884, stack(0x000000abe6100000,0x000000abe6200000)]
  0x00000219ce952070 JavaThread "Unconstrained build operations Thread 8" [_thread_blocked, id=5912, stack(0x000000abe6200000,0x000000abe6300000)]
  0x00000219ce950b30 JavaThread "Unconstrained build operations Thread 9" [_thread_blocked, id=3412, stack(0x000000abe6300000,0x000000abe6400000)]
  0x00000219ce954050 JavaThread "Unconstrained build operations Thread 10" [_thread_blocked, id=40876, stack(0x000000abe6400000,0x000000abe6500000)]
  0x00000219ce955040 JavaThread "Unconstrained build operations Thread 11" [_thread_blocked, id=4084, stack(0x000000abe6500000,0x000000abe6600000)]
  0x00000219ce9525c0 JavaThread "Unconstrained build operations Thread 12" [_thread_blocked, id=42904, stack(0x000000abe6600000,0x000000abe6700000)]
  0x00000219ce953b00 JavaThread "Unconstrained build operations Thread 13" [_thread_blocked, id=11596, stack(0x000000abe6700000,0x000000abe6800000)]
  0x00000219ce956030 JavaThread "Unconstrained build operations Thread 14" [_thread_blocked, id=3544, stack(0x000000abe6800000,0x000000abe6900000)]
  0x00000219ce94f5f0 JavaThread "Unconstrained build operations Thread 15" [_thread_blocked, id=29852, stack(0x000000abe6900000,0x000000abe6a00000)]
  0x00000219ce9505e0 JavaThread "Unconstrained build operations Thread 16" [_thread_blocked, id=19812, stack(0x000000abe6a00000,0x000000abe6b00000)]
  0x00000219ce9545a0 JavaThread "Unconstrained build operations Thread 17" [_thread_blocked, id=35524, stack(0x000000abe6b00000,0x000000abe6c00000)]
  0x00000219ce955590 JavaThread "Unconstrained build operations Thread 18" [_thread_blocked, id=38208, stack(0x000000abe6c00000,0x000000abe6d00000)]
  0x00000219ce956580 JavaThread "Unconstrained build operations Thread 19" [_thread_blocked, id=25960, stack(0x000000abe6d00000,0x000000abe6e00000)]
  0x00000219af844d40 JavaThread "Unconstrained build operations Thread 20" [_thread_blocked, id=42620, stack(0x000000abe6e00000,0x000000abe6f00000)]
  0x00000219cff5c7c0 JavaThread "Unconstrained build operations Thread 21" [_thread_blocked, id=14972, stack(0x000000abe6f00000,0x000000abe7000000)]
  0x00000219cff5cd10 JavaThread "Unconstrained build operations Thread 22" [_thread_blocked, id=3444, stack(0x000000abe7000000,0x000000abe7100000)]
  0x00000219cff58d50 JavaThread "Unconstrained build operations Thread 23" [_thread_blocked, id=712, stack(0x000000abe7100000,0x000000abe7200000)]
  0x00000219cff5b7d0 JavaThread "Unconstrained build operations Thread 24" [_thread_blocked, id=20776, stack(0x000000abe7200000,0x000000abe7300000)]
  0x00000219cff5bd20 JavaThread "Unconstrained build operations Thread 25" [_thread_blocked, id=5856, stack(0x000000abe7300000,0x000000abe7400000)]
  0x00000219cff5a7e0 JavaThread "Unconstrained build operations Thread 26" [_thread_blocked, id=13636, stack(0x000000abe7400000,0x000000abe7500000)]
  0x00000219cff56d70 JavaThread "Unconstrained build operations Thread 27" [_thread_blocked, id=36564, stack(0x000000abe7500000,0x000000abe7600000)]
  0x00000219cff5dd00 JavaThread "build event listener" [_thread_blocked, id=19388, stack(0x000000abe7600000,0x000000abe7700000)]
  0x00000219cff5d260 JavaThread "Memory manager" [_thread_blocked, id=32916, stack(0x000000abe7700000,0x000000abe7800000)]
  0x00000219cff572c0 JavaThread "ForkJoinPool.commonPool-worker-1" daemon [_thread_blocked, id=40656, stack(0x000000abe2500000,0x000000abe2600000)]
  0x00000219cff592a0 JavaThread "ForkJoinPool.commonPool-worker-2" daemon [_thread_blocked, id=42800, stack(0x000000abe2600000,0x000000abe2700000)]
  0x00000219cff562d0 JavaThread "ForkJoinPool.commonPool-worker-3" daemon [_thread_blocked, id=28136, stack(0x000000abe2700000,0x000000abe2800000)]
  0x00000219cff5ad30 JavaThread "ForkJoinPool.commonPool-worker-4" daemon [_thread_blocked, id=37124, stack(0x000000abe7800000,0x000000abe7900000)]
  0x00000219cff56820 JavaThread "ForkJoinPool.commonPool-worker-5" daemon [_thread_blocked, id=10164, stack(0x000000abe7900000,0x000000abe7a00000)]
  0x00000219cff582b0 JavaThread "Exec process" [_thread_blocked, id=38244, stack(0x000000abe7a00000,0x000000abe7b00000)]
  0x00000219cff597f0 JavaThread "Exec process Thread 2" [_thread_blocked, id=2980, stack(0x000000abe7b00000,0x000000abe7c00000)]
  0x00000219cff57810 JavaThread "Exec process Thread 3" [_thread_blocked, id=27812, stack(0x000000abe7c00000,0x000000abe7d00000)]

Other Threads:
  0x00000219af822290 VMThread "VM Thread" [stack: 0x000000abe2e00000,0x000000abe2f00000] [id=44964]
  0x00000219cea1e700 WatcherThread "VM Periodic Task Thread" [stack: 0x000000abe3900000,0x000000abe3a00000] [id=30592]
  0x0000021990d9d070 WorkerThread "GC Thread#0" [stack: 0x000000abe2900000,0x000000abe2a00000] [id=37352]
  0x00000219ceafd280 WorkerThread "GC Thread#1" [stack: 0x000000abe3c00000,0x000000abe3d00000] [id=872]
  0x00000219cebab1e0 WorkerThread "GC Thread#2" [stack: 0x000000abe3d00000,0x000000abe3e00000] [id=28196]
  0x00000219cf423af0 WorkerThread "GC Thread#3" [stack: 0x000000abe3e00000,0x000000abe3f00000] [id=29580]
  0x00000219cf422ce0 WorkerThread "GC Thread#4" [stack: 0x000000abe3f00000,0x000000abe4000000] [id=46200]
  0x00000219cf423550 WorkerThread "GC Thread#5" [stack: 0x000000abe3a00000,0x000000abe3b00000] [id=15632]
  0x00000219d051c8e0 WorkerThread "GC Thread#6" [stack: 0x000000abe4d00000,0x000000abe4e00000] [id=17960]
  0x00000219d051d6f0 WorkerThread "GC Thread#7" [stack: 0x000000abe4e00000,0x000000abe4f00000] [id=42828]
  0x0000021990ee70c0 ConcurrentGCThread "G1 Main Marker" [stack: 0x000000abe2a00000,0x000000abe2b00000] [id=42008]
  0x0000021990ee7aa0 WorkerThread "G1 Conc#0" [stack: 0x000000abe2b00000,0x000000abe2c00000] [id=18204]
  0x00000219d051d150 WorkerThread "G1 Conc#1" [stack: 0x000000abe4f00000,0x000000abe5000000] [id=40548]
  0x00000219af6dd540 ConcurrentGCThread "G1 Refine#0" [stack: 0x000000abe2c00000,0x000000abe2d00000] [id=24204]
  0x00000219af6ddc90 ConcurrentGCThread "G1 Service" [stack: 0x000000abe2d00000,0x000000abe2e00000] [id=14592]

Threads with active compile tasks:
C2 CompilerThread0    78165 9512       4       sun.security.ec.ECOperations::setDouble (463 bytes)

VM state: not at safepoint (normal execution)

VM Mutex/Monitor currently owned by a thread: None

Heap address: 0x0000000080000000, size: 2048 MB, Compressed Oops mode: 32-bit

CDS archive(s) mapped at: [0x00000219afc00000-0x00000219b0860000-0x00000219b0860000), size 12976128, SharedBaseAddress: 0x00000219afc00000, ArchiveRelocationMode: 1.
Compressed class space mapped at: 0x00000219b0c00000-0x00000219ca800000, reserved size: 432013312
Narrow klass base: 0x00000219afc00000, Narrow klass shift: 0, Narrow klass range: 0x100000000

GC Precious Log:
 CardTable entry size: 512
 Card Set container configuration: InlinePtr #cards 5 size 8 Array Of Cards #cards 12 size 40 Howl #buckets 4 coarsen threshold 1843 Howl Bitmap #cards 512 size 80 coarsen threshold 460 Card regions per heap region 1 cards per card region 2048
 CPUs: 8 total, 8 available
 Memory: 7916M
 Large Page Support: Disabled
 NUMA Support: Disabled
 Compressed Oops: Enabled (32-bit)
 Heap Region Size: 1M
 Heap Min Capacity: 8M
 Heap Initial Capacity: 124M
 Heap Max Capacity: 2G
 Pre-touch: Disabled
 Parallel Workers: 8
 Concurrent Workers: 2
 Concurrent Refinement Workers: 8
 Periodic GC: Disabled

Heap:
 garbage-first heap   total 111616K, used 74002K [0x0000000080000000, 0x0000000100000000)
  region size 1024K, 11 young (11264K), 5 survivors (5120K)
 Metaspace       used 78361K, committed 80640K, reserved 552960K
  class space    used 10938K, committed 12096K, reserved 421888K

Heap Regions: E=young(eden), S=young(survivor), O=old, HS=humongous(starts), HC=humongous(continues), CS=collection set, F=free, OA=open archive, CA=closed archive, TAMS=top-at-mark-start, PB=parsable bottom
|   0|0x0000000080000000, 0x0000000080100000, 0x0000000080100000|100%|HS|  |TAMS 0x0000000080000000| PB 0x0000000080000000| Complete 
|   1|0x0000000080100000, 0x0000000080200000, 0x0000000080200000|100%|HC|  |TAMS 0x0000000080100000| PB 0x0000000080100000| Complete 
|   2|0x0000000080200000, 0x0000000080300000, 0x0000000080300000|100%|HC|  |TAMS 0x0000000080200000| PB 0x0000000080200000| Complete 
|   3|0x0000000080300000, 0x0000000080400000, 0x0000000080400000|100%| O|  |TAMS 0x0000000080300000| PB 0x0000000080300000| Untracked 
|   4|0x0000000080400000, 0x0000000080500000, 0x0000000080500000|100%| O|  |TAMS 0x0000000080400000| PB 0x0000000080400000| Untracked 
|   5|0x0000000080500000, 0x0000000080600000, 0x0000000080600000|100%| O|  |TAMS 0x0000000080500000| PB 0x0000000080500000| Untracked 
|   6|0x0000000080600000, 0x0000000080700000, 0x0000000080700000|100%|HS|  |TAMS 0x0000000080600000| PB 0x0000000080600000| Complete 
|   7|0x0000000080700000, 0x0000000080800000, 0x0000000080800000|100%| O|  |TAMS 0x0000000080700000| PB 0x0000000080700000| Untracked 
|   8|0x0000000080800000, 0x0000000080900000, 0x0000000080900000|100%| O|  |TAMS 0x0000000080800000| PB 0x0000000080800000| Untracked 
|   9|0x0000000080900000, 0x0000000080a00000, 0x0000000080a00000|100%| O|  |TAMS 0x0000000080900000| PB 0x0000000080900000| Untracked 
|  10|0x0000000080a00000, 0x0000000080b00000, 0x0000000080b00000|100%| O|  |TAMS 0x0000000080a00000| PB 0x0000000080a00000| Untracked 
|  11|0x0000000080b00000, 0x0000000080c00000, 0x0000000080c00000|100%| O|  |TAMS 0x0000000080b00000| PB 0x0000000080b00000| Untracked 
|  12|0x0000000080c00000, 0x0000000080d00000, 0x0000000080d00000|100%| O|  |TAMS 0x0000000080c00000| PB 0x0000000080c00000| Untracked 
|  13|0x0000000080d00000, 0x0000000080e00000, 0x0000000080e00000|100%| O|  |TAMS 0x0000000080d00000| PB 0x0000000080d00000| Untracked 
|  14|0x0000000080e00000, 0x0000000080f00000, 0x0000000080f00000|100%| O|  |TAMS 0x0000000080e00000| PB 0x0000000080e00000| Untracked 
|  15|0x0000000080f00000, 0x0000000081000000, 0x0000000081000000|100%| O|  |TAMS 0x0000000080f00000| PB 0x0000000080f00000| Untracked 
|  16|0x0000000081000000, 0x0000000081100000, 0x0000000081100000|100%| O|  |TAMS 0x0000000081000000| PB 0x0000000081000000| Untracked 
|  17|0x0000000081100000, 0x0000000081200000, 0x0000000081200000|100%| O|  |TAMS 0x0000000081100000| PB 0x0000000081100000| Untracked 
|  18|0x0000000081200000, 0x0000000081300000, 0x0000000081300000|100%| O|  |TAMS 0x0000000081200000| PB 0x0000000081200000| Untracked 
|  19|0x0000000081300000, 0x0000000081400000, 0x0000000081400000|100%| O|  |TAMS 0x0000000081300000| PB 0x0000000081300000| Untracked 
|  20|0x0000000081400000, 0x0000000081500000, 0x0000000081500000|100%| O|  |TAMS 0x0000000081400000| PB 0x0000000081400000| Untracked 
|  21|0x0000000081500000, 0x0000000081600000, 0x0000000081600000|100%| O|  |TAMS 0x0000000081500000| PB 0x0000000081500000| Untracked 
|  22|0x0000000081600000, 0x0000000081700000, 0x0000000081700000|100%| O|  |TAMS 0x0000000081600000| PB 0x0000000081600000| Untracked 
|  23|0x0000000081700000, 0x0000000081800000, 0x0000000081800000|100%| O|  |TAMS 0x0000000081700000| PB 0x0000000081700000| Untracked 
|  24|0x0000000081800000, 0x0000000081900000, 0x0000000081900000|100%| O|  |TAMS 0x0000000081800000| PB 0x0000000081800000| Untracked 
|  25|0x0000000081900000, 0x0000000081a00000, 0x0000000081a00000|100%| O|  |TAMS 0x0000000081900000| PB 0x0000000081900000| Untracked 
|  26|0x0000000081a00000, 0x0000000081b00000, 0x0000000081b00000|100%| O|  |TAMS 0x0000000081a00000| PB 0x0000000081a00000| Untracked 
|  27|0x0000000081b00000, 0x0000000081c00000, 0x0000000081c00000|100%| O|  |TAMS 0x0000000081b00000| PB 0x0000000081b00000| Untracked 
|  28|0x0000000081c00000, 0x0000000081d00000, 0x0000000081d00000|100%| O|  |TAMS 0x0000000081c00000| PB 0x0000000081c00000| Untracked 
|  29|0x0000000081d00000, 0x0000000081e00000, 0x0000000081e00000|100%| O|  |TAMS 0x0000000081d00000| PB 0x0000000081d00000| Untracked 
|  30|0x0000000081e00000, 0x0000000081f00000, 0x0000000081f00000|100%| O|  |TAMS 0x0000000081e00000| PB 0x0000000081e00000| Untracked 
|  31|0x0000000081f00000, 0x0000000082000000, 0x0000000082000000|100%| O|  |TAMS 0x0000000081f00000| PB 0x0000000081f00000| Untracked 
|  32|0x0000000082000000, 0x0000000082100000, 0x0000000082100000|100%| O|  |TAMS 0x0000000082000000| PB 0x0000000082000000| Untracked 
|  33|0x0000000082100000, 0x0000000082200000, 0x0000000082200000|100%| O|  |TAMS 0x0000000082100000| PB 0x0000000082100000| Untracked 
|  34|0x0000000082200000, 0x0000000082300000, 0x0000000082300000|100%| O|  |TAMS 0x0000000082200000| PB 0x0000000082200000| Untracked 
|  35|0x0000000082300000, 0x0000000082400000, 0x0000000082400000|100%| O|  |TAMS 0x0000000082300000| PB 0x0000000082300000| Untracked 
|  36|0x0000000082400000, 0x0000000082500000, 0x0000000082500000|100%| O|  |TAMS 0x0000000082400000| PB 0x0000000082400000| Untracked 
|  37|0x0000000082500000, 0x0000000082600000, 0x0000000082600000|100%| O|  |TAMS 0x0000000082500000| PB 0x0000000082500000| Untracked 
|  38|0x0000000082600000, 0x0000000082700000, 0x0000000082700000|100%| O|  |TAMS 0x0000000082600000| PB 0x0000000082600000| Untracked 
|  39|0x0000000082700000, 0x0000000082800000, 0x0000000082800000|100%| O|  |TAMS 0x0000000082700000| PB 0x0000000082700000| Untracked 
|  40|0x0000000082800000, 0x0000000082900000, 0x0000000082900000|100%| O|  |TAMS 0x0000000082800000| PB 0x0000000082800000| Untracked 
|  41|0x0000000082900000, 0x0000000082a00000, 0x0000000082a00000|100%|HS|  |TAMS 0x0000000082900000| PB 0x0000000082900000| Complete 
|  42|0x0000000082a00000, 0x0000000082b00000, 0x0000000082b00000|100%|HC|  |TAMS 0x0000000082a00000| PB 0x0000000082a00000| Complete 
|  43|0x0000000082b00000, 0x0000000082c00000, 0x0000000082c00000|100%|HC|  |TAMS 0x0000000082b00000| PB 0x0000000082b00000| Complete 
|  44|0x0000000082c00000, 0x0000000082d00000, 0x0000000082d00000|100%| O|  |TAMS 0x0000000082c00000| PB 0x0000000082c00000| Untracked 
|  45|0x0000000082d00000, 0x0000000082e00000, 0x0000000082e00000|100%| O|  |TAMS 0x0000000082d00000| PB 0x0000000082d00000| Untracked 
|  46|0x0000000082e00000, 0x0000000082f00000, 0x0000000082f00000|100%| O|  |TAMS 0x0000000082e00000| PB 0x0000000082e00000| Untracked 
|  47|0x0000000082f00000, 0x0000000083000000, 0x0000000083000000|100%|HS|  |TAMS 0x0000000082f00000| PB 0x0000000082f00000| Complete 
|  48|0x0000000083000000, 0x0000000083100000, 0x0000000083100000|100%|HC|  |TAMS 0x0000000083000000| PB 0x0000000083000000| Complete 
|  49|0x0000000083100000, 0x0000000083200000, 0x0000000083200000|100%|HC|  |TAMS 0x0000000083100000| PB 0x0000000083100000| Complete 
|  50|0x0000000083200000, 0x0000000083300000, 0x0000000083300000|100%| O|  |TAMS 0x0000000083200000| PB 0x0000000083200000| Untracked 
|  51|0x0000000083300000, 0x0000000083300000, 0x0000000083400000|  0%| F|  |TAMS 0x0000000083300000| PB 0x0000000083300000| Untracked 
|  52|0x0000000083400000, 0x0000000083400000, 0x0000000083500000|  0%| F|  |TAMS 0x0000000083400000| PB 0x0000000083400000| Untracked 
|  53|0x0000000083500000, 0x0000000083600000, 0x0000000083600000|100%| O|  |TAMS 0x0000000083500000| PB 0x0000000083500000| Untracked 
|  54|0x0000000083600000, 0x0000000083700000, 0x0000000083700000|100%| O|  |TAMS 0x0000000083600000| PB 0x0000000083600000| Untracked 
|  55|0x0000000083700000, 0x0000000083800000, 0x0000000083800000|100%| O|  |TAMS 0x0000000083700000| PB 0x0000000083700000| Untracked 
|  56|0x0000000083800000, 0x0000000083900000, 0x0000000083900000|100%| O|  |TAMS 0x0000000083800000| PB 0x0000000083800000| Untracked 
|  57|0x0000000083900000, 0x0000000083a00000, 0x0000000083a00000|100%| O|  |TAMS 0x0000000083900000| PB 0x0000000083900000| Untracked 
|  58|0x0000000083a00000, 0x0000000083b00000, 0x0000000083b00000|100%| O|  |TAMS 0x0000000083a00000| PB 0x0000000083a00000| Untracked 
|  59|0x0000000083b00000, 0x0000000083c00000, 0x0000000083c00000|100%| O|  |TAMS 0x0000000083b00000| PB 0x0000000083b00000| Untracked 
|  60|0x0000000083c00000, 0x0000000083d00000, 0x0000000083d00000|100%| O|  |TAMS 0x0000000083c00000| PB 0x0000000083c00000| Untracked 
|  61|0x0000000083d00000, 0x0000000083e00000, 0x0000000083e00000|100%| O|  |TAMS 0x0000000083d00000| PB 0x0000000083d00000| Untracked 
|  62|0x0000000083e00000, 0x0000000083f00000, 0x0000000083f00000|100%| O|  |TAMS 0x0000000083e00000| PB 0x0000000083e00000| Untracked 
|  63|0x0000000083f00000, 0x0000000084000000, 0x0000000084000000|100%| O|  |TAMS 0x0000000083f00000| PB 0x0000000083f00000| Untracked 
|  64|0x0000000084000000, 0x0000000084044a00, 0x0000000084100000| 26%| O|  |TAMS 0x0000000084000000| PB 0x0000000084000000| Untracked 
|  65|0x0000000084100000, 0x0000000084100000, 0x0000000084200000|  0%| F|  |TAMS 0x0000000084100000| PB 0x0000000084100000| Untracked 
|  66|0x0000000084200000, 0x0000000084200000, 0x0000000084300000|  0%| F|  |TAMS 0x0000000084200000| PB 0x0000000084200000| Untracked 
|  67|0x0000000084300000, 0x0000000084300000, 0x0000000084400000|  0%| F|  |TAMS 0x0000000084300000| PB 0x0000000084300000| Untracked 
|  68|0x0000000084400000, 0x0000000084400000, 0x0000000084500000|  0%| F|  |TAMS 0x0000000084400000| PB 0x0000000084400000| Untracked 
|  69|0x0000000084500000, 0x0000000084600000, 0x0000000084600000|100%| S|CS|TAMS 0x0000000084500000| PB 0x0000000084500000| Complete 
|  70|0x0000000084600000, 0x0000000084700000, 0x0000000084700000|100%| S|CS|TAMS 0x0000000084600000| PB 0x0000000084600000| Complete 
|  71|0x0000000084700000, 0x0000000084800000, 0x0000000084800000|100%| S|CS|TAMS 0x0000000084700000| PB 0x0000000084700000| Complete 
|  72|0x0000000084800000, 0x0000000084900000, 0x0000000084900000|100%| S|CS|TAMS 0x0000000084800000| PB 0x0000000084800000| Complete 
|  73|0x0000000084900000, 0x0000000084a00000, 0x0000000084a00000|100%| S|CS|TAMS 0x0000000084900000| PB 0x0000000084900000| Complete 
|  74|0x0000000084a00000, 0x0000000084a00000, 0x0000000084b00000|  0%| F|  |TAMS 0x0000000084a00000| PB 0x0000000084a00000| Untracked 
|  75|0x0000000084b00000, 0x0000000084b00000, 0x0000000084c00000|  0%| F|  |TAMS 0x0000000084b00000| PB 0x0000000084b00000| Untracked 
|  76|0x0000000084c00000, 0x0000000084c00000, 0x0000000084d00000|  0%| F|  |TAMS 0x0000000084c00000| PB 0x0000000084c00000| Untracked 
|  77|0x0000000084d00000, 0x0000000084d00000, 0x0000000084e00000|  0%| F|  |TAMS 0x0000000084d00000| PB 0x0000000084d00000| Untracked 
|  78|0x0000000084e00000, 0x0000000084e00000, 0x0000000084f00000|  0%| F|  |TAMS 0x0000000084e00000| PB 0x0000000084e00000| Untracked 
|  79|0x0000000084f00000, 0x0000000084f00000, 0x0000000085000000|  0%| F|  |TAMS 0x0000000084f00000| PB 0x0000000084f00000| Untracked 
|  80|0x0000000085000000, 0x0000000085000000, 0x0000000085100000|  0%| F|  |TAMS 0x0000000085000000| PB 0x0000000085000000| Untracked 
|  81|0x0000000085100000, 0x0000000085100000, 0x0000000085200000|  0%| F|  |TAMS 0x0000000085100000| PB 0x0000000085100000| Untracked 
|  82|0x0000000085200000, 0x0000000085200000, 0x0000000085300000|  0%| F|  |TAMS 0x0000000085200000| PB 0x0000000085200000| Untracked 
|  83|0x0000000085300000, 0x0000000085300000, 0x0000000085400000|  0%| F|  |TAMS 0x0000000085300000| PB 0x0000000085300000| Untracked 
|  84|0x0000000085400000, 0x0000000085400000, 0x0000000085500000|  0%| F|  |TAMS 0x0000000085400000| PB 0x0000000085400000| Untracked 
|  85|0x0000000085500000, 0x0000000085500000, 0x0000000085600000|  0%| F|  |TAMS 0x0000000085500000| PB 0x0000000085500000| Untracked 
|  86|0x0000000085600000, 0x0000000085600000, 0x0000000085700000|  0%| F|  |TAMS 0x0000000085600000| PB 0x0000000085600000| Untracked 
|  87|0x0000000085700000, 0x0000000085700000, 0x0000000085800000|  0%| F|  |TAMS 0x0000000085700000| PB 0x0000000085700000| Untracked 
|  88|0x0000000085800000, 0x0000000085800000, 0x0000000085900000|  0%| F|  |TAMS 0x0000000085800000| PB 0x0000000085800000| Untracked 
|  89|0x0000000085900000, 0x0000000085900000, 0x0000000085a00000|  0%| F|  |TAMS 0x0000000085900000| PB 0x0000000085900000| Untracked 
|  90|0x0000000085a00000, 0x0000000085a00000, 0x0000000085b00000|  0%| F|  |TAMS 0x0000000085a00000| PB 0x0000000085a00000| Untracked 
|  91|0x0000000085b00000, 0x0000000085b00000, 0x0000000085c00000|  0%| F|  |TAMS 0x0000000085b00000| PB 0x0000000085b00000| Untracked 
|  92|0x0000000085c00000, 0x0000000085c00000, 0x0000000085d00000|  0%| F|  |TAMS 0x0000000085c00000| PB 0x0000000085c00000| Untracked 
|  93|0x0000000085d00000, 0x0000000085d00000, 0x0000000085e00000|  0%| F|  |TAMS 0x0000000085d00000| PB 0x0000000085d00000| Untracked 
|  94|0x0000000085e00000, 0x0000000085e00000, 0x0000000085f00000|  0%| F|  |TAMS 0x0000000085e00000| PB 0x0000000085e00000| Untracked 
|  95|0x0000000085f00000, 0x0000000085f00000, 0x0000000086000000|  0%| F|  |TAMS 0x0000000085f00000| PB 0x0000000085f00000| Untracked 
|  96|0x0000000086000000, 0x0000000086000000, 0x0000000086100000|  0%| F|  |TAMS 0x0000000086000000| PB 0x0000000086000000| Untracked 
|  97|0x0000000086100000, 0x0000000086100000, 0x0000000086200000|  0%| F|  |TAMS 0x0000000086100000| PB 0x0000000086100000| Untracked 
|  98|0x0000000086200000, 0x0000000086200000, 0x0000000086300000|  0%| F|  |TAMS 0x0000000086200000| PB 0x0000000086200000| Untracked 
|  99|0x0000000086300000, 0x0000000086300000, 0x0000000086400000|  0%| F|  |TAMS 0x0000000086300000| PB 0x0000000086300000| Untracked 
| 100|0x0000000086400000, 0x0000000086400000, 0x0000000086500000|  0%| F|  |TAMS 0x0000000086400000| PB 0x0000000086400000| Untracked 
| 101|0x0000000086500000, 0x0000000086500000, 0x0000000086600000|  0%| F|  |TAMS 0x0000000086500000| PB 0x0000000086500000| Untracked 
| 102|0x0000000086600000, 0x0000000086600000, 0x0000000086700000|  0%| F|  |TAMS 0x0000000086600000| PB 0x0000000086600000| Untracked 
| 103|0x0000000086700000, 0x0000000086700800, 0x0000000086800000|  0%| E|  |TAMS 0x0000000086700000| PB 0x0000000086700000| Complete 
| 104|0x0000000086800000, 0x0000000086900000, 0x0000000086900000|100%| E|CS|TAMS 0x0000000086800000| PB 0x0000000086800000| Complete 
| 105|0x0000000086900000, 0x0000000086a00000, 0x0000000086a00000|100%| E|CS|TAMS 0x0000000086900000| PB 0x0000000086900000| Complete 
| 106|0x0000000086a00000, 0x0000000086b00000, 0x0000000086b00000|100%| E|CS|TAMS 0x0000000086a00000| PB 0x0000000086a00000| Complete 
| 107|0x0000000086b00000, 0x0000000086c00000, 0x0000000086c00000|100%| E|CS|TAMS 0x0000000086b00000| PB 0x0000000086b00000| Complete 
| 123|0x0000000087b00000, 0x0000000087c00000, 0x0000000087c00000|100%| E|CS|TAMS 0x0000000087b00000| PB 0x0000000087b00000| Complete 

Card table byte_map: [0x00000219aa580000,0x00000219aa980000] _byte_map_base: 0x00000219aa180000

Marking Bits: (CMBitMap*) 0x0000021990d9d5a0
 Bits: [0x00000219aad80000, 0x00000219acd80000)

Polling page: 0x0000021990f30000

Metaspace:

Usage:
  Non-class:     65.84 MB used.
      Class:     10.68 MB used.
       Both:     76.53 MB used.

Virtual space:
  Non-class space:      128.00 MB reserved,      66.94 MB ( 52%) committed,  2 nodes.
      Class space:      412.00 MB reserved,      11.81 MB (  3%) committed,  1 nodes.
             Both:      540.00 MB reserved,      78.75 MB ( 15%) committed. 

Chunk freelists:
   Non-Class:  928.00 KB
       Class:  224.00 KB
        Both:  1.12 MB

MaxMetaspaceSize: 512.00 MB
CompressedClassSpaceSize: 412.00 MB
Initial GC threshold: 21.00 MB
Current GC threshold: 117.75 MB
CDS: on
MetaspaceReclaimPolicy: balanced
 - commit_granule_bytes: 65536.
 - commit_granule_words: 8192.
 - virtual_space_node_default_size: 8388608.
 - enlarge_chunks_in_place: 1.
 - new_chunks_are_fully_committed: 0.
 - uncommit_free_chunks: 1.
 - use_allocation_guard: 0.


Internal statistics:

num_allocs_failed_limit: 9.
num_arena_births: 3898.
num_arena_deaths: 0.
num_vsnodes_births: 3.
num_vsnodes_deaths: 0.
num_space_committed: 1260.
num_space_uncommitted: 0.
num_chunks_returned_to_freelist: 9.
num_chunks_taken_from_freelist: 7415.
num_chunk_merges: 9.
num_chunk_splits: 4838.
num_chunks_enlarged: 3019.
num_inconsistent_stats: 0.

CodeHeap 'non-profiled nmethods': size=120000Kb used=4476Kb max_used=4476Kb free=115523Kb
 bounds [0x00000219a21e0000, 0x00000219a2640000, 0x00000219a9710000]
CodeHeap 'profiled nmethods': size=120000Kb used=15476Kb max_used=15476Kb free=104523Kb
 bounds [0x000002199a710000, 0x000002199b630000, 0x00000219a1c40000]
CodeHeap 'non-nmethods': size=5760Kb used=2916Kb max_used=2932Kb free=2843Kb
 bounds [0x00000219a1c40000, 0x00000219a1f30000, 0x00000219a21e0000]
 total_blobs=9188 nmethods=8229 adapters=869
 compilation: enabled
              stopped_count=0, restarted_count=0
 full_count=0

Compilation events (20 events):
Event: 78.028 Thread 0x00000219af84f470 9513       3       sun.security.ec.ECOperations$PointMultiplier$Secp256R1GeneratorMultiplier::bit (13 bytes)
Event: 78.028 Thread 0x00000219af84f470 nmethod 9513 0x000002199b62c890 code [0x000002199b62ca20, 0x000002199b62cb48]
Event: 78.032 Thread 0x00000219af84f470 9514       3       java.math.BigInteger::valueOf (62 bytes)
Event: 78.032 Thread 0x00000219af84f470 nmethod 9514 0x000002199b62cc10 code [0x000002199b62cde0, 0x000002199b62d1c8]
Event: 78.040 Thread 0x00000219af84eaf0 nmethod 9511 0x00000219a263b010 code [0x00000219a263b1c0, 0x00000219a263bb80]
Event: 78.040 Thread 0x00000219af84eaf0 9468       4       sun.security.util.math.intpoly.IntegerPolynomialP256::carryReduce (454 bytes)
Event: 78.042 Thread 0x00000219af84eaf0 nmethod 9468 0x00000219a263c210 code [0x00000219a263c380, 0x00000219a263c658]
Event: 78.042 Thread 0x00000219af84eaf0 9494       4       sun.security.util.math.intpoly.IntegerPolynomial$MutableElement::setProduct (58 bytes)
Event: 78.051 Thread 0x00000219af84eaf0 nmethod 9494 0x00000219a263c790 code [0x00000219a263c940, 0x00000219a263cd60]
Event: 78.051 Thread 0x00000219af84eaf0 9497       4       sun.security.util.math.intpoly.IntegerPolynomial$MutableElement::setSquare (5 bytes)
Event: 78.053 Thread 0x00000219af84eaf0 nmethod 9497 0x00000219a263d010 code [0x00000219a263d1a0, 0x00000219a263d2c8]
Event: 78.053 Thread 0x00000219af84eaf0 9499       4       sun.security.util.math.intpoly.IntegerPolynomial$MutableElement::setSquare (52 bytes)
Event: 78.054 Thread 0x00000219af84eaf0 nmethod 9499 0x00000219a263d410 code [0x00000219a263d5a0, 0x00000219a263d6c8]
Event: 78.054 Thread 0x00000219af84eaf0 9504       4       sun.security.util.math.intpoly.IntegerPolynomialP256::square (613 bytes)
Event: 78.061 Thread 0x00000219af84eaf0 nmethod 9504 0x00000219a263d810 code [0x00000219a263d980, 0x00000219a263def8]
Event: 78.061 Thread 0x00000219af84eaf0 9505       4       sun.security.ec.point.ProjectivePoint$Mutable::conditionalSet (53 bytes)
Event: 78.076 Thread 0x00000219af84eaf0 nmethod 9505 0x00000219a263e090 code [0x00000219a263e240, 0x00000219a263ea80]
Event: 78.076 Thread 0x00000219af84eaf0 9491       4       sun.security.util.math.intpoly.IntegerPolynomialP256::reduce (40 bytes)
Event: 78.077 Thread 0x00000219af84eaf0 nmethod 9491 0x00000219a263ef90 code [0x00000219a263f100, 0x00000219a263f220]
Event: 78.077 Thread 0x00000219af84eaf0 9512       4       sun.security.ec.ECOperations::setDouble (463 bytes)

GC Heap History (20 events):
Event: 43.939 GC heap before
{Heap before GC invocations=14 (full 0):
 garbage-first heap   total 100352K, used 84526K [0x0000000080000000, 0x0000000100000000)
  region size 1024K, 48 young (49152K), 7 survivors (7168K)
 Metaspace       used 57058K, committed 58880K, reserved 487424K
  class space    used 8066K, committed 8960K, reserved 421888K
}
Event: 43.947 GC heap after
{Heap after GC invocations=15 (full 0):
 garbage-first heap   total 100352K, used 46241K [0x0000000080000000, 0x0000000100000000)
  region size 1024K, 6 young (6144K), 6 survivors (6144K)
 Metaspace       used 57058K, committed 58880K, reserved 487424K
  class space    used 8066K, committed 8960K, reserved 421888K
}
Event: 46.019 GC heap before
{Heap before GC invocations=15 (full 0):
 garbage-first heap   total 100352K, used 61601K [0x0000000080000000, 0x0000000100000000)
  region size 1024K, 19 young (19456K), 6 survivors (6144K)
 Metaspace       used 57836K, committed 59712K, reserved 487424K
  class space    used 8164K, committed 9088K, reserved 421888K
}
Event: 46.028 GC heap after
{Heap after GC invocations=16 (full 0):
 garbage-first heap   total 100352K, used 51489K [0x0000000080000000, 0x0000000100000000)
  region size 1024K, 4 young (4096K), 4 survivors (4096K)
 Metaspace       used 57836K, committed 59712K, reserved 487424K
  class space    used 8164K, committed 9088K, reserved 421888K
}
Event: 49.923 GC heap before
{Heap before GC invocations=17 (full 0):
 garbage-first heap   total 100352K, used 89377K [0x0000000080000000, 0x0000000100000000)
  region size 1024K, 38 young (38912K), 4 survivors (4096K)
 Metaspace       used 61366K, committed 63232K, reserved 487424K
  class space    used 8640K, committed 9536K, reserved 421888K
}
Event: 49.927 GC heap after
{Heap after GC invocations=18 (full 0):
 garbage-first heap   total 100352K, used 56803K [0x0000000080000000, 0x0000000100000000)
  region size 1024K, 3 young (3072K), 3 survivors (3072K)
 Metaspace       used 61366K, committed 63232K, reserved 487424K
  class space    used 8640K, committed 9536K, reserved 421888K
}
Event: 53.570 GC heap before
{Heap before GC invocations=18 (full 0):
 garbage-first heap   total 100352K, used 88547K [0x0000000080000000, 0x0000000100000000)
  region size 1024K, 34 young (34816K), 3 survivors (3072K)
 Metaspace       used 63453K, committed 65344K, reserved 487424K
  class space    used 8906K, committed 9856K, reserved 421888K
}
Event: 53.574 GC heap after
{Heap after GC invocations=19 (full 0):
 garbage-first heap   total 100352K, used 57436K [0x0000000080000000, 0x0000000100000000)
  region size 1024K, 3 young (3072K), 3 survivors (3072K)
 Metaspace       used 63453K, committed 65344K, reserved 487424K
  class space    used 8906K, committed 9856K, reserved 421888K
}
Event: 59.824 GC heap before
{Heap before GC invocations=19 (full 0):
 garbage-first heap   total 100352K, used 90204K [0x0000000080000000, 0x0000000100000000)
  region size 1024K, 35 young (35840K), 3 survivors (3072K)
 Metaspace       used 66562K, committed 68608K, reserved 487424K
  class space    used 9417K, committed 10432K, reserved 421888K
}
Event: 59.830 GC heap after
{Heap after GC invocations=20 (full 0):
 garbage-first heap   total 100352K, used 58977K [0x0000000080000000, 0x0000000100000000)
  region size 1024K, 3 young (3072K), 3 survivors (3072K)
 Metaspace       used 66562K, committed 68608K, reserved 487424K
  class space    used 9417K, committed 10432K, reserved 421888K
}
Event: 63.472 GC heap before
{Heap before GC invocations=21 (full 0):
 garbage-first heap   total 101376K, used 90721K [0x0000000080000000, 0x0000000100000000)
  region size 1024K, 34 young (34816K), 3 survivors (3072K)
 Metaspace       used 68195K, committed 70272K, reserved 487424K
  class space    used 9660K, committed 10688K, reserved 421888K
}
Event: 63.476 GC heap after
{Heap after GC invocations=22 (full 0):
 garbage-first heap   total 101376K, used 59986K [0x0000000080000000, 0x0000000100000000)
  region size 1024K, 4 young (4096K), 4 survivors (4096K)
 Metaspace       used 68195K, committed 70272K, reserved 487424K
  class space    used 9660K, committed 10688K, reserved 421888K
}
Event: 65.696 GC heap before
{Heap before GC invocations=22 (full 0):
 garbage-first heap   total 101376K, used 90706K [0x0000000080000000, 0x0000000100000000)
  region size 1024K, 34 young (34816K), 4 survivors (4096K)
 Metaspace       used 69352K, committed 71488K, reserved 487424K
  class space    used 9833K, committed 10880K, reserved 421888K
}
Event: 65.701 GC heap after
{Heap after GC invocations=23 (full 0):
 garbage-first heap   total 101376K, used 62280K [0x0000000080000000, 0x0000000100000000)
  region size 1024K, 5 young (5120K), 5 survivors (5120K)
 Metaspace       used 69352K, committed 71488K, reserved 487424K
  class space    used 9833K, committed 10880K, reserved 421888K
}
Event: 68.302 GC heap before
{Heap before GC invocations=23 (full 0):
 garbage-first heap   total 101376K, used 88904K [0x0000000080000000, 0x0000000100000000)
  region size 1024K, 32 young (32768K), 5 survivors (5120K)
 Metaspace       used 70083K, committed 72320K, reserved 487424K
  class space    used 9907K, committed 11008K, reserved 421888K
}
Event: 68.307 GC heap after
{Heap after GC invocations=24 (full 0):
 garbage-first heap   total 101376K, used 64811K [0x0000000080000000, 0x0000000100000000)
  region size 1024K, 4 young (4096K), 4 survivors (4096K)
 Metaspace       used 70083K, committed 72320K, reserved 487424K
  class space    used 9907K, committed 11008K, reserved 421888K
}
Event: 71.435 GC heap before
{Heap before GC invocations=25 (full 0):
 garbage-first heap   total 111616K, used 89387K [0x0000000080000000, 0x0000000100000000)
  region size 1024K, 29 young (29696K), 4 survivors (4096K)
 Metaspace       used 72023K, committed 74176K, reserved 487424K
  class space    used 10188K, committed 11264K, reserved 421888K
}
Event: 71.440 GC heap after
{Heap after GC invocations=26 (full 0):
 garbage-first heap   total 111616K, used 66981K [0x0000000080000000, 0x0000000100000000)
  region size 1024K, 3 young (3072K), 3 survivors (3072K)
 Metaspace       used 72023K, committed 74176K, reserved 487424K
  class space    used 10188K, committed 11264K, reserved 421888K
}
Event: 77.021 GC heap before
{Heap before GC invocations=26 (full 0):
 garbage-first heap   total 111616K, used 98725K [0x0000000080000000, 0x0000000100000000)
  region size 1024K, 35 young (35840K), 3 survivors (3072K)
 Metaspace       used 75842K, committed 78144K, reserved 552960K
  class space    used 10640K, committed 11776K, reserved 421888K
}
Event: 77.027 GC heap after
{Heap after GC invocations=27 (full 0):
 garbage-first heap   total 111616K, used 68882K [0x0000000080000000, 0x0000000100000000)
  region size 1024K, 5 young (5120K), 5 survivors (5120K)
 Metaspace       used 75842K, committed 78144K, reserved 552960K
  class space    used 10640K, committed 11776K, reserved 421888K
}

Dll operation events (15 events):
Event: 0.009 Loaded shared library C:\Program Files\Java\jdk17\bin\java.dll
Event: 0.030 Loaded shared library C:\Program Files\Java\jdk17\bin\jsvml.dll
Event: 0.106 Loaded shared library C:\Program Files\Java\jdk17\bin\zip.dll
Event: 0.109 Loaded shared library C:\Program Files\Java\jdk17\bin\instrument.dll
Event: 0.113 Loaded shared library C:\Program Files\Java\jdk17\bin\net.dll
Event: 0.115 Loaded shared library C:\Program Files\Java\jdk17\bin\nio.dll
Event: 0.119 Loaded shared library C:\Program Files\Java\jdk17\bin\zip.dll
Event: 0.439 Loaded shared library C:\Program Files\Java\jdk17\bin\jimage.dll
Event: 0.730 Loaded shared library C:\Program Files\Java\jdk17\bin\verify.dll
Event: 0.839 Loaded shared library C:\Users\haman\.gradle\native\1def1411415f61bf3af743bc5b6707747c0891f09f0c88961ee8f79bc544acac\windows-amd64\native-platform.dll
Event: 0.857 Loaded shared library C:\Users\haman\.gradle\native\0.2.7\x86_64-windows-gnu\gradle-fileevents.dll
Event: 2.266 Loaded shared library C:\Program Files\Java\jdk17\bin\management.dll
Event: 2.270 Loaded shared library C:\Program Files\Java\jdk17\bin\management_ext.dll
Event: 2.481 Loaded shared library C:\Program Files\Java\jdk17\bin\extnet.dll
Event: 2.718 Loaded shared library C:\Program Files\Java\jdk17\bin\sunmscapi.dll

Deoptimization events (20 events):
Event: 77.824 Thread 0x00000219d038f060 Uncommon trap: trap_request=0xffffffde fr.pc=0x00000219a2340310 relative=0x0000000000000450
Event: 77.824 Thread 0x00000219d038f060 Uncommon trap: reason=class_check action=maybe_recompile pc=0x00000219a2340310 method=java.lang.AbstractStringBuilder.<init>(Ljava/lang/String;)V @ 58 c2
Event: 77.824 Thread 0x00000219d038f060 DEOPT PACKING pc=0x00000219a2340310 sp=0x000000abe46f53b0
Event: 77.824 Thread 0x00000219d038f060 DEOPT UNPACKING pc=0x00000219a1ca9d22 sp=0x000000abe46f5370 mode 2
Event: 77.825 Thread 0x00000219d038f060 Uncommon trap: trap_request=0xffffffde fr.pc=0x00000219a2340310 relative=0x0000000000000450
Event: 77.825 Thread 0x00000219d038f060 Uncommon trap: reason=class_check action=maybe_recompile pc=0x00000219a2340310 method=java.lang.AbstractStringBuilder.<init>(Ljava/lang/String;)V @ 58 c2
Event: 77.825 Thread 0x00000219d038f060 DEOPT PACKING pc=0x00000219a2340310 sp=0x000000abe46f53b0
Event: 77.825 Thread 0x00000219d038f060 DEOPT UNPACKING pc=0x00000219a1ca9d22 sp=0x000000abe46f5370 mode 2
Event: 77.825 Thread 0x00000219d038f060 Uncommon trap: trap_request=0xffffffde fr.pc=0x00000219a2340310 relative=0x0000000000000450
Event: 77.825 Thread 0x00000219d038f060 Uncommon trap: reason=class_check action=maybe_recompile pc=0x00000219a2340310 method=java.lang.AbstractStringBuilder.<init>(Ljava/lang/String;)V @ 58 c2
Event: 77.825 Thread 0x00000219d038f060 DEOPT PACKING pc=0x00000219a2340310 sp=0x000000abe46f53b0
Event: 77.825 Thread 0x00000219d038f060 DEOPT UNPACKING pc=0x00000219a1ca9d22 sp=0x000000abe46f5370 mode 2
Event: 77.830 Thread 0x00000219d038f060 Uncommon trap: trap_request=0xffffffde fr.pc=0x00000219a2340310 relative=0x0000000000000450
Event: 77.830 Thread 0x00000219d038f060 Uncommon trap: reason=class_check action=maybe_recompile pc=0x00000219a2340310 method=java.lang.AbstractStringBuilder.<init>(Ljava/lang/String;)V @ 58 c2
Event: 77.830 Thread 0x00000219d038f060 DEOPT PACKING pc=0x00000219a2340310 sp=0x000000abe46f5840
Event: 77.830 Thread 0x00000219d038f060 DEOPT UNPACKING pc=0x00000219a1ca9d22 sp=0x000000abe46f5800 mode 2
Event: 77.899 Thread 0x00000219d038f060 Uncommon trap: trap_request=0xffffff66 fr.pc=0x00000219a22e5530 relative=0x00000000000000b0
Event: 77.899 Thread 0x00000219d038f060 Uncommon trap: reason=speculate_class_check action=maybe_recompile pc=0x00000219a22e5530 method=java.util.Collections.unmodifiableCollection(Ljava/util/Collection;)Ljava/util/Collection; @ 8 c2
Event: 77.899 Thread 0x00000219d038f060 DEOPT PACKING pc=0x00000219a22e5530 sp=0x000000abe46f4be0
Event: 77.899 Thread 0x00000219d038f060 DEOPT UNPACKING pc=0x00000219a1ca9d22 sp=0x000000abe46f4b78 mode 2

Classes loaded (20 events):
Event: 77.933 Loading class sun/security/util/math/intpoly/IntegerPolynomialP384
Event: 77.934 Loading class sun/security/util/math/intpoly/IntegerPolynomialP384 done
Event: 77.934 Loading class sun/security/util/math/intpoly/IntegerPolynomialP521
Event: 77.935 Loading class sun/security/util/math/intpoly/IntegerPolynomialP521 done
Event: 77.935 Loading class sun/security/util/math/intpoly/P384OrderField
Event: 77.935 Loading class sun/security/util/math/intpoly/P384OrderField done
Event: 77.936 Loading class sun/security/util/math/intpoly/P521OrderField
Event: 77.936 Loading class sun/security/util/math/intpoly/P521OrderField done
Event: 77.940 Loading class sun/security/util/ArrayUtil
Event: 77.940 Loading class sun/security/util/ArrayUtil done
Event: 77.943 Loading class sun/security/util/math/IntegerModuloP$MultiplicativeInverser$Secp256R1
Event: 77.943 Loading class sun/security/util/math/IntegerModuloP$MultiplicativeInverser$Secp256R1 done
Event: 78.029 Loading class java/security/interfaces/ECPrivateKey
Event: 78.030 Loading class java/security/interfaces/ECPrivateKey done
Event: 78.032 Loading class sun/security/ssl/KeyShareExtension$CHKeyShareSpec
Event: 78.033 Loading class sun/security/ssl/KeyShareExtension$CHKeyShareSpec done
Event: 78.033 Loading class sun/security/ssl/OutputRecord$T13PaddingHolder
Event: 78.034 Loading class sun/security/ssl/OutputRecord$T13PaddingHolder done
Event: 78.034 Loading class sun/security/ssl/ContentType
Event: 78.034 Loading class sun/security/ssl/ContentType done

Classes unloaded (0 events):
No events

Classes redefined (0 events):
No events

Internal exceptions (20 events):
Event: 72.620 Thread 0x00000219d038f060 Exception <a 'java/lang/IncompatibleClassChangeError'{0x0000000085b9e7d8}: Found class java.lang.Object, but interface was expected> (0x0000000085b9e7d8) 
thrown [s\open\src\hotspot\share\interpreter\linkResolver.cpp, line 840]
Event: 72.724 Thread 0x00000219d038f060 Exception <a 'java/lang/ClassNotFoundException'{0x0000000085968030}: org/gradle/api/internal/project/DefaultAntBuilderBeanInfo> (0x0000000085968030) 
thrown [s\open\src\hotspot\share\classfile\systemDictionary.cpp, line 305]
Event: 72.725 Thread 0x00000219d038f060 Exception <a 'java/lang/ClassNotFoundException'{0x0000000085979800}: org/gradle/api/internal/project/ant/BasicAntBuilderBeanInfo> (0x0000000085979800) 
thrown [s\open\src\hotspot\share\classfile\systemDictionary.cpp, line 305]
Event: 72.726 Thread 0x00000219d038f060 Exception <a 'java/lang/ClassNotFoundException'{0x0000000085986aa8}: org/gradle/api/AntBuilderBeanInfo> (0x0000000085986aa8) 
thrown [s\open\src\hotspot\share\classfile\systemDictionary.cpp, line 305]
Event: 72.726 Thread 0x00000219d038f060 Exception <a 'java/lang/ClassNotFoundException'{0x0000000085994c00}: groovy/ant/AntBuilderBeanInfo> (0x0000000085994c00) 
thrown [s\open\src\hotspot\share\classfile\systemDictionary.cpp, line 305]
Event: 72.726 Thread 0x00000219d038f060 Exception <a 'java/lang/ClassNotFoundException'{0x00000000859a2ec8}: groovy/util/BuilderSupportBeanInfo> (0x00000000859a2ec8) 
thrown [s\open\src\hotspot\share\classfile\systemDictionary.cpp, line 305]
Event: 72.727 Thread 0x00000219d038f060 Exception <a 'java/lang/ClassNotFoundException'{0x00000000859b1430}: groovy/util/BuilderSupportCustomizer> (0x00000000859b1430) 
thrown [s\open\src\hotspot\share\classfile\systemDictionary.cpp, line 305]
Event: 72.728 Thread 0x00000219d038f060 Exception <a 'java/lang/ClassNotFoundException'{0x00000000859c0e28}: groovy/ant/AntBuilderCustomizer> (0x00000000859c0e28) 
thrown [s\open\src\hotspot\share\classfile\systemDictionary.cpp, line 305]
Event: 72.729 Thread 0x00000219d038f060 Exception <a 'java/lang/ClassNotFoundException'{0x00000000859d2ca8}: org/gradle/api/AntBuilderCustomizer> (0x00000000859d2ca8) 
thrown [s\open\src\hotspot\share\classfile\systemDictionary.cpp, line 305]
Event: 72.730 Thread 0x00000219d038f060 Exception <a 'java/lang/ClassNotFoundException'{0x00000000859eb858}: org/gradle/api/internal/project/ant/BasicAntBuilderCustomizer> (0x00000000859eb858) 
thrown [s\open\src\hotspot\share\classfile\systemDictionary.cpp, line 305]
Event: 72.732 Thread 0x00000219d038f060 Exception <a 'java/lang/ClassNotFoundException'{0x000000008580bf60}: org/gradle/api/internal/project/DefaultAntBuilderCustomizer> (0x000000008580bf60) 
thrown [s\open\src\hotspot\share\classfile\systemDictionary.cpp, line 305]
Event: 72.891 Thread 0x00000219d038f060 Exception <a 'java/lang/NoSuchMethodError'{0x00000000857f1a70}: 'java.lang.Object java.lang.invoke.DirectMethodHandle$Holder.newInvokeSpecial(java.lang.Object, java.lang.Object, java.lang.Object, java.lang.Object, java.lang.Object, java.lang.Object, int)'> (0x00000000857f1a70) 
thrown [s\open\src\hotspot\share\interpreter\linkResolver.cpp, line 773]
Event: 72.891 Thread 0x00000219d038f060 Exception <a 'java/lang/NoSuchMethodError'{0x00000000857f7210}: 'java.lang.Object java.lang.invoke.DirectMethodHandle$Holder.invokeSpecial(java.lang.Object, java.lang.Object, java.lang.Object, java.lang.Object, java.lang.Object, java.lang.Object, java.lang.Object, int)'> (0x00000000857f7210) 
thrown [s\open\src\hotspot\share\interpreter\linkResolver.cpp, line 773]
Event: 72.891 Thread 0x00000219d038f060 Exception <a 'java/lang/NoSuchMethodError'{0x00000000857fc388}: 'java.lang.Object java.lang.invoke.Invokers$Holder.linkToTargetMethod(java.lang.Object, java.lang.Object, java.lang.Object, java.lang.Object, java.lang.Object, int, java.lang.Object)'> (0x00000000857fc388) 
thrown [s\open\src\hotspot\share\interpreter\linkResolver.cpp, line 773]
Event: 73.034 Thread 0x00000219d038f060 Implicit null exception at 0x00000219a2604049 to 0x00000219a26040d8
Event: 73.145 Thread 0x00000219cff572c0 Implicit null exception at 0x00000219a21ff267 to 0x00000219a21ff32c
Event: 73.145 Thread 0x00000219cff572c0 Implicit null exception at 0x00000219a2460aa6 to 0x00000219a246117c
Event: 73.549 Thread 0x00000219cff582b0 Exception <a 'java/lang/NoSuchMethodError'{0x0000000085481cf0}: 'void java.lang.invoke.DirectMethodHandle$Holder.invokeStatic(java.lang.Object, long)'> (0x0000000085481cf0) 
thrown [s\open\src\hotspot\share\interpreter\linkResolver.cpp, line 773]
Event: 73.552 Thread 0x00000219cff582b0 Exception <a 'java/lang/NoSuchMethodError'{0x000000008548d818}: 'java.lang.Object java.lang.invoke.DirectMethodHandle$Holder.invokeStaticInit(java.lang.Object, long, java.lang.Object)'> (0x000000008548d818) 
thrown [s\open\src\hotspot\share\interpreter\linkResolver.cpp, line 773]
Event: 76.651 Thread 0x00000219d038f060 Exception <a 'sun/nio/fs/WindowsException'{0x0000000084fa02a8}> (0x0000000084fa02a8) 
thrown [s\open\src\hotspot\share\prims\jni.cpp, line 519]

VM Operations (20 events):
Event: 74.527 Executing VM operation: Cleanup
Event: 74.527 Executing VM operation: Cleanup done
Event: 75.531 Executing VM operation: Cleanup
Event: 75.531 Executing VM operation: Cleanup done
Event: 76.518 Executing VM operation: HandshakeAllThreads
Event: 76.519 Executing VM operation: HandshakeAllThreads done
Event: 76.528 Executing VM operation: HandshakeAllThreads
Event: 76.528 Executing VM operation: HandshakeAllThreads done
Event: 76.911 Executing VM operation: HandshakeAllThreads
Event: 76.912 Executing VM operation: HandshakeAllThreads done
Event: 76.912 Executing VM operation: Cleanup
Event: 76.912 Executing VM operation: Cleanup done
Event: 76.964 Executing VM operation: HandshakeAllThreads
Event: 76.964 Executing VM operation: HandshakeAllThreads done
Event: 77.021 Executing VM operation: G1CollectForAllocation
Event: 77.027 Executing VM operation: G1CollectForAllocation done
Event: 77.165 Executing VM operation: HandshakeAllThreads
Event: 77.165 Executing VM operation: HandshakeAllThreads done
Event: 77.841 Executing VM operation: HandshakeAllThreads
Event: 77.841 Executing VM operation: HandshakeAllThreads done

Events (20 events):
Event: 68.345 Thread 0x00000219af822290 flushing nmethod 0x00000219a2334310
Event: 68.345 Thread 0x00000219af822290 flushing nmethod 0x00000219a2333f10
Event: 68.345 Thread 0x00000219af822290 flushing nmethod 0x00000219a225b410
Event: 68.345 Thread 0x00000219af822290 flushing nmethod 0x00000219a231a010
Event: 68.345 Thread 0x00000219af822290 flushing nmethod 0x00000219a2254110
Event: 68.345 Thread 0x00000219af822290 flushing nmethod 0x00000219a2283090
Event: 68.345 Thread 0x00000219af822290 flushing nmethod 0x00000219a2297f90
Event: 68.345 Thread 0x00000219af822290 flushing nmethod 0x00000219a2290b10
Event: 68.345 Thread 0x00000219af822290 flushing nmethod 0x00000219a2240e90
Event: 68.345 Thread 0x00000219af822290 flushing nmethod 0x00000219a2206f10
Event: 68.345 Thread 0x00000219af822290 flushing nmethod 0x00000219a2218b90
Event: 68.345 Thread 0x00000219af822290 flushing nmethod 0x00000219a2201710
Event: 73.045 Thread 0x00000219cff572c0 Thread added: 0x00000219cff572c0
Event: 73.145 Thread 0x00000219cff592a0 Thread added: 0x00000219cff592a0
Event: 73.145 Thread 0x00000219cff562d0 Thread added: 0x00000219cff562d0
Event: 73.159 Thread 0x00000219cff5ad30 Thread added: 0x00000219cff5ad30
Event: 73.165 Thread 0x00000219cff56820 Thread added: 0x00000219cff56820
Event: 73.324 Thread 0x00000219cff582b0 Thread added: 0x00000219cff582b0
Event: 73.559 Thread 0x00000219cff597f0 Thread added: 0x00000219cff597f0
Event: 73.559 Thread 0x00000219cff57810 Thread added: 0x00000219cff57810


Dynamic libraries:
0x00007ff66e6a0000 - 0x00007ff66e6b0000 	C:\Program Files\Java\jdk17\bin\java.exe
0x00007ffbd2270000 - 0x00007ffbd2487000 	C:\Windows\SYSTEM32\ntdll.dll
0x00007ffbd0850000 - 0x00007ffbd0914000 	C:\Windows\System32\KERNEL32.DLL
0x00007ffbcfa40000 - 0x00007ffbcfded000 	C:\Windows\System32\KERNELBASE.dll
0x00007ffbcf5a0000 - 0x00007ffbcf6b1000 	C:\Windows\System32\ucrtbase.dll
0x00007ffbca740000 - 0x00007ffbca75b000 	C:\Program Files\Java\jdk17\bin\VCRUNTIME140.dll
0x00007ffbc7ef0000 - 0x00007ffbc7f09000 	C:\Program Files\Java\jdk17\bin\jli.dll
0x00007ffbd0aa0000 - 0x00007ffbd0b52000 	C:\Windows\System32\ADVAPI32.dll
0x00007ffbd07a0000 - 0x00007ffbd0847000 	C:\Windows\System32\msvcrt.dll
0x00007ffbd17b0000 - 0x00007ffbd1859000 	C:\Windows\System32\sechost.dll
0x00007ffbcff80000 - 0x00007ffbcffa8000 	C:\Windows\System32\bcrypt.dll
0x00007ffbd2110000 - 0x00007ffbd2224000 	C:\Windows\System32\RPCRT4.dll
0x00007ffbcfff0000 - 0x00007ffbd019e000 	C:\Windows\System32\USER32.dll
0x00007ffbcfdf0000 - 0x00007ffbcfe16000 	C:\Windows\System32\win32u.dll
0x00007ffbd0b60000 - 0x00007ffbd0b89000 	C:\Windows\System32\GDI32.dll
0x00007ffbcf920000 - 0x00007ffbcfa39000 	C:\Windows\System32\gdi32full.dll
0x00007ffbb8c80000 - 0x00007ffbb8f13000 	C:\Windows\WinSxS\amd64_microsoft.windows.common-controls_6595b64144ccf1df_6.0.22621.3672_none_2713b9d173822955\COMCTL32.dll
0x00007ffbcfe20000 - 0x00007ffbcfeba000 	C:\Windows\System32\msvcp_win.dll
0x00007ffbcb120000 - 0x00007ffbcb12a000 	C:\Windows\SYSTEM32\VERSION.dll
0x00007ffbcffb0000 - 0x00007ffbcffe1000 	C:\Windows\System32\IMM32.DLL
0x00007ffbcaca0000 - 0x00007ffbcacac000 	C:\Program Files\Java\jdk17\bin\vcruntime140_1.dll
0x00007ffbbb180000 - 0x00007ffbbb20e000 	C:\Program Files\Java\jdk17\bin\msvcp140.dll
0x00007ffb2e3d0000 - 0x00007ffb2f068000 	C:\Program Files\Java\jdk17\bin\server\jvm.dll
0x00007ffbca560000 - 0x00007ffbca594000 	C:\Windows\SYSTEM32\WINMM.dll
0x00007ffbc80b0000 - 0x00007ffbc80b9000 	C:\Windows\SYSTEM32\WSOCK32.dll
0x00007ffbd0a20000 - 0x00007ffbd0a91000 	C:\Windows\System32\WS2_32.dll
0x00007ffbce5b0000 - 0x00007ffbce5c8000 	C:\Windows\SYSTEM32\kernel.appcore.dll
0x00007ffbc7eb0000 - 0x00007ffbc7eba000 	C:\Program Files\Java\jdk17\bin\jimage.dll
0x00007ffbccdc0000 - 0x00007ffbccff2000 	C:\Windows\SYSTEM32\DBGHELP.DLL
0x00007ffbd1d80000 - 0x00007ffbd2108000 	C:\Windows\System32\combase.dll
0x00007ffbd0400000 - 0x00007ffbd04d7000 	C:\Windows\System32\OLEAUT32.dll
0x00007ffbc5c20000 - 0x00007ffbc5c52000 	C:\Windows\SYSTEM32\dbgcore.DLL
0x00007ffbcf8a0000 - 0x00007ffbcf91b000 	C:\Windows\System32\bcryptPrimitives.dll
0x00007ffbbcf80000 - 0x00007ffbbcf8e000 	C:\Program Files\Java\jdk17\bin\instrument.dll
0x00007ffbc7e80000 - 0x00007ffbc7ea6000 	C:\Program Files\Java\jdk17\bin\java.dll
0x00007ffb98d30000 - 0x00007ffb98e07000 	C:\Program Files\Java\jdk17\bin\jsvml.dll
0x00007ffbd0c00000 - 0x00007ffbd145f000 	C:\Windows\System32\SHELL32.dll
0x00007ffbcd4a0000 - 0x00007ffbcdd9c000 	C:\Windows\SYSTEM32\windows.storage.dll
0x00007ffbcd360000 - 0x00007ffbcd49f000 	C:\Windows\SYSTEM32\wintypes.dll
0x00007ffbd0920000 - 0x00007ffbd0a14000 	C:\Windows\System32\SHCORE.dll
0x00007ffbd0b90000 - 0x00007ffbd0bee000 	C:\Windows\System32\shlwapi.dll
0x00007ffbcf4d0000 - 0x00007ffbcf4f1000 	C:\Windows\SYSTEM32\profapi.dll
0x00007ffbbd010000 - 0x00007ffbbd028000 	C:\Program Files\Java\jdk17\bin\zip.dll
0x00007ffbc3e70000 - 0x00007ffbc3e83000 	C:\Program Files\Java\jdk17\bin\net.dll
0x00007ffbcb9b0000 - 0x00007ffbcbae6000 	C:\Windows\SYSTEM32\WINHTTP.dll
0x00007ffbcea40000 - 0x00007ffbceaa9000 	C:\Windows\system32\mswsock.dll
0x00007ffbbdbd0000 - 0x00007ffbbdbe6000 	C:\Program Files\Java\jdk17\bin\nio.dll
0x00007ffbc41a0000 - 0x00007ffbc41b0000 	C:\Program Files\Java\jdk17\bin\verify.dll
0x00007ffbbb210000 - 0x00007ffbbb237000 	C:\Users\haman\.gradle\native\1def1411415f61bf3af743bc5b6707747c0891f09f0c88961ee8f79bc544acac\windows-amd64\native-platform.dll
0x00007ffbb10a0000 - 0x00007ffbb1118000 	C:\Users\haman\.gradle\native\0.2.7\x86_64-windows-gnu\gradle-fileevents.dll
0x00007ffbbde70000 - 0x00007ffbbde7a000 	C:\Program Files\Java\jdk17\bin\management.dll
0x00007ffbbddd0000 - 0x00007ffbbdddb000 	C:\Program Files\Java\jdk17\bin\management_ext.dll
0x00007ffbd1460000 - 0x00007ffbd1468000 	C:\Windows\System32\PSAPI.DLL
0x00007ffbce000000 - 0x00007ffbce02d000 	C:\Windows\SYSTEM32\IPHLPAPI.DLL
0x00007ffbd0bf0000 - 0x00007ffbd0bf9000 	C:\Windows\System32\NSI.dll
0x00007ffbcb8e0000 - 0x00007ffbcb8f9000 	C:\Windows\SYSTEM32\dhcpcsvc6.DLL
0x00007ffbcb8c0000 - 0x00007ffbcb8df000 	C:\Windows\SYSTEM32\dhcpcsvc.DLL
0x00007ffbce030000 - 0x00007ffbce128000 	C:\Windows\SYSTEM32\DNSAPI.dll
0x00007ffbbcff0000 - 0x00007ffbbcff7000 	C:\Program Files\Java\jdk17\bin\extnet.dll
0x00007ffbcecb0000 - 0x00007ffbceccb000 	C:\Windows\SYSTEM32\CRYPTSP.dll
0x00007ffbce500000 - 0x00007ffbce535000 	C:\Windows\system32\rsaenh.dll
0x00007ffbceb40000 - 0x00007ffbceb68000 	C:\Windows\SYSTEM32\USERENV.dll
0x00007ffbceca0000 - 0x00007ffbcecac000 	C:\Windows\SYSTEM32\CRYPTBASE.dll
0x00007ffbbcf70000 - 0x00007ffbbcf7e000 	C:\Program Files\Java\jdk17\bin\sunmscapi.dll
0x00007ffbcf6c0000 - 0x00007ffbcf827000 	C:\Windows\System32\CRYPT32.dll
0x00007ffbcee60000 - 0x00007ffbcee8e000 	C:\Windows\SYSTEM32\ncrypt.dll
0x00007ffbcee20000 - 0x00007ffbcee57000 	C:\Windows\SYSTEM32\NTASN1.dll
0x00007ffba14e0000 - 0x00007ffba14e8000 	C:\Windows\system32\wshunix.dll
0x00007ffbc8300000 - 0x00007ffbc830a000 	C:\Windows\System32\rasadhlp.dll
0x00007ffbca790000 - 0x00007ffbca813000 	C:\Windows\System32\fwpuclnt.dll

dbghelp: loaded successfully - version: 4.0.5 - missing functions: none
symbol engine: initialized successfully - sym options: 0x614 - pdb path: .;C:\Program Files\Java\jdk17\bin;C:\Windows\SYSTEM32;C:\Windows\WinSxS\amd64_microsoft.windows.common-controls_6595b64144ccf1df_6.0.22621.3672_none_2713b9d173822955;C:\Program Files\Java\jdk17\bin\server;C:\Users\haman\.gradle\native\1def1411415f61bf3af743bc5b6707747c0891f09f0c88961ee8f79bc544acac\windows-amd64;C:\Users\haman\.gradle\native\0.2.7\x86_64-windows-gnu

VM Arguments:
jvm_args: --add-opens=java.base/java.lang=ALL-UNNAMED --add-opens=java.base/java.lang.invoke=ALL-UNNAMED --add-opens=java.base/java.util=ALL-UNNAMED --add-opens=java.prefs/java.util.prefs=ALL-UNNAMED --add-exports=jdk.compiler/com.sun.tools.javac.api=ALL-UNNAMED --add-exports=jdk.compiler/com.sun.tools.javac.util=ALL-UNNAMED --add-opens=java.base/java.util=ALL-UNNAMED --add-opens=java.prefs/java.util.prefs=ALL-UNNAMED --add-opens=java.base/java.nio.charset=ALL-UNNAMED --add-opens=java.base/java.net=ALL-UNNAMED --add-opens=java.base/java.util.concurrent.atomic=ALL-UNNAMED --add-opens=java.xml/javax.xml.namespace=ALL-UNNAMED -XX:MaxMetaspaceSize=512m -Xmx2048m -Dfile.encoding=UTF-8 -Duser.country=US -Duser.language=en -Duser.variant -javaagent:C:\Users\haman\.gradle\wrapper\dists\gradle-8.14.1-bin\baw1sv0jfoi8rxs14qo3h49cs\gradle-8.14.1\lib\agents\gradle-instrumentation-agent-8.14.1.jar 
java_command: org.gradle.launcher.daemon.bootstrap.GradleDaemon 8.14.1
java_class_path (initial): C:\Users\haman\.gradle\wrapper\dists\gradle-8.14.1-bin\baw1sv0jfoi8rxs14qo3h49cs\gradle-8.14.1\lib\gradle-daemon-main-8.14.1.jar
Launcher Type: SUN_STANDARD

[Global flags]
     intx CICompilerCount                          = 4                                         {product} {ergonomic}
   size_t CompressedClassSpaceSize                 = 432013312                                 {product} {ergonomic}
     uint ConcGCThreads                            = 2                                         {product} {ergonomic}
     uint G1ConcRefinementThreads                  = 8                                         {product} {ergonomic}
   size_t G1HeapRegionSize                         = 1048576                                   {product} {ergonomic}
    uintx GCDrainStackTargetSize                   = 64                                        {product} {ergonomic}
   size_t InitialHeapSize                          = 130023424                                 {product} {ergonomic}
   size_t MarkStackSize                            = 4194304                                   {product} {ergonomic}
   size_t MaxHeapSize                              = 2147483648                                {product} {command line}
   size_t MaxMetaspaceSize                         = 536870912                                 {product} {command line}
   size_t MaxNewSize                               = 1287651328                                {product} {ergonomic}
   size_t MinHeapDeltaBytes                        = 1048576                                   {product} {ergonomic}
   size_t MinHeapSize                              = 8388608                                   {product} {ergonomic}
    uintx NonNMethodCodeHeapSize                   = 5839372                                {pd product} {ergonomic}
    uintx NonProfiledCodeHeapSize                  = 122909434                              {pd product} {ergonomic}
    uintx ProfiledCodeHeapSize                     = 122909434                              {pd product} {ergonomic}
    uintx ReservedCodeCacheSize                    = 251658240                              {pd product} {ergonomic}
     bool SegmentedCodeCache                       = true                                      {product} {ergonomic}
   size_t SoftMaxHeapSize                          = 2147483648                             {manageable} {ergonomic}
     bool UseCompressedClassPointers               = true                           {product lp64_product} {ergonomic}
     bool UseCompressedOops                        = true                           {product lp64_product} {ergonomic}
     bool UseG1GC                                  = true                                      {product} {ergonomic}
     bool UseLargePagesIndividualAllocation        = false                                  {pd product} {ergonomic}

Logging:
Log output configuration:
 #0: stdout all=warning uptime,level,tags foldmultilines=false
 #1: stderr all=off uptime,level,tags foldmultilines=false

Environment Variables:
JAVA_HOME=C:\Program Files\Java\jdk17
PATH=C:\Program Files\Common Files\Oracle\Java\javapath;C:\Windows\system32;C:\Windows;C:\Windows\System32\Wbem;C:\Windows\System32\WindowsPowerShell\v1.0\;C:\Windows\System32\OpenSSH\;C:\Program Files\nodejs\;C:\ProgramData\chocolatey\bin;C:\Users\haman\AppData\Local\Android\Sdk\emulator;C:\Users\haman\AppData\Local\Android\Sdk\platform-tool;C:\Users\haman\AppData\Local\Android\Sdk\tool;C:\Users\haman\AppData\Local\Android\Sdk\tool;C:\Program Files\nodejs\;C:\Program Files\Git\cmd;C:\Program Files\Java\jdk17\bin;C:\Users\haman\AppData\Local\Microsoft\WindowsApps;C:\Users\haman\AppData\Local\Programs\Microsoft VS Code\bin;C:\Users\haman\AppData\Roaming\npm;C:\Users\haman\AppData\Local\Android\Sdk;C:\Users\haman\AppData\Local\Android\Sdk\emulator;C:\Users\haman\AppData\Local\Android\Sdk\platform-tool;C:\Program Files\nodejs\;C:\Program Files\Java\jdk17\bin;
USERNAME=haman
OS=Windows_NT
PROCESSOR_IDENTIFIER=Intel64 Family 6 Model 154 Stepping 4, GenuineIntel
TMP=C:\Users\haman\AppData\Local\Temp
TEMP=C:\Users\haman\AppData\Local\Temp




---------------  S Y S T E M  ---------------

OS:
 Windows 11 , 64 bit Build 22621 (10.0.22621.3672)
OS uptime: 13 days 14:07 hours
Hyper-V role detected

CPU: total 8 (initial active 8) (4 cores per cpu, 2 threads per core) family 6 model 154 stepping 4 microcode 0x424, cx8, cmov, fxsr, ht, mmx, 3dnowpref, sse, sse2, sse3, ssse3, sse4.1, sse4.2, popcnt, lzcnt, tsc, tscinvbit, avx, avx2, aes, erms, clmul, bmi1, bmi2, adx, sha, fma, vzeroupper, clflush, clflushopt, clwb, hv, serialize, rdtscp, rdpid, fsrm, f16c, cet_ibt, cet_ss

Memory: 4k page, system-wide physical 7916M (27M free)
TotalPageFile size 32492M (AvailPageFile size 1M)
current process WorkingSet (physical memory assigned to process): 267M, peak: 267M
current process commit charge ("private bytes"): 355M, peak: 358M

vm_info: Java HotSpot(TM) 64-Bit Server VM (20.0.2+9-78) for windows-amd64 JRE (20.0.2+9-78), built on 2023-06-14T10:08:48Z by "mach5one" with MS VC++ 17.1 (VS2022)

END.
